<?xml version="1.0" encoding="UTF-8" standalone="yes" ?>
<test-results name="R:\external\storm\test\Tests.exe" total="102" errors="0" failures="0" ignored="0" inconclusive="0" not-run="0" skipped="0" invalid="0" date="2022-01-20" time="0.062">
  <culture-info current-culture="en" current-uiculture="en" />
  <test-suite type="Assembly" name="Tests.exe" executed="true" result="Success" success="True" time="0.062" asserts="0">
    <results>
        <test-suite type="Namespace" name="storm" executed="true" result="Success" success="True" time="0.200" asserts="0" >
          <results>
              <test-suite type="Namespace" name="values" executed="true" result="Success" success="True" time="0.200" asserts="0" >
                <results>
                    <test-suite type="Fixture" name="TFloatValue_Test" executed="True" result="Success" success="True" time="0.062" >
                      <results>
                        <test-case name="SetValue_Check" executed="True" result="Success" success="True" time="0.000" asserts="0" />
                        <test-case name="SetValue_Blank_Check" executed="True" result="Success" success="True" time="0.000" asserts="0" />
                        <test-case name="GetValue_Check" executed="True" result="Success" success="True" time="0.001" asserts="0" />
                        <test-case name="Clone_Check" executed="True" result="Success" success="True" time="0.002" asserts="0" />
                        <test-case name="ToString_check" executed="True" result="Success" success="True" time="0.001" asserts="0" />
                        <test-case name="FromString_Check" executed="True" result="Success" success="True" time="0.001" asserts="0" />
                        <test-case name="ToInt_Check" executed="True" result="Success" success="True" time="0.000" asserts="0" />
                        <test-case name="FromInt_Check" executed="True" result="Success" success="True" time="0.001" asserts="0" />
                        <test-case name="ToFloat_Check" executed="True" result="Success" success="True" time="0.000" asserts="0" />
                        <test-case name="FromFloat_Check" executed="True" result="Success" success="True" time="0.000" asserts="0" />
                        <test-case name="ToBool_Check" executed="True" result="Success" success="True" time="0.001" asserts="0" />
                        <test-case name="FromBool_Check" executed="True" result="Success" success="True" time="0.000" asserts="0" />
                        <test-case name="ToJson_Check" executed="True" result="Success" success="True" time="0.001" asserts="0" />
                        <test-case name="FromJson_Check" executed="True" result="Success" success="True" time="0.002" asserts="0" />
                        <test-case name="ToDateTime_Check" executed="True" result="Success" success="True" time="0.001" asserts="0" />
                        <test-case name="FromDateTime_Check" executed="True" result="Success" success="True" time="0.000" asserts="0" />
                      </results>
                    </test-suite>
                    <test-suite type="Fixture" name="TStringValue_Test" executed="True" result="Success" success="True" time="0.047" >
                      <results>
                        <test-case name="SetValue_Check" executed="True" result="Success" success="True" time="0.000" asserts="0" />
                        <test-case name="SetValue_Blank_Check" executed="True" result="Success" success="True" time="0.000" asserts="0" />
                        <test-case name="GetValue_Check" executed="True" result="Success" success="True" time="0.001" asserts="0" />
                        <test-case name="Clone_Check" executed="True" result="Success" success="True" time="0.001" asserts="0" />
                        <test-case name="ToString_check" executed="True" result="Success" success="True" time="0.000" asserts="0" />
                        <test-case name="FromString_Check" executed="True" result="Success" success="True" time="0.001" asserts="0" />
                        <test-case name="ToInt_Check" executed="True" result="Success" success="True" time="0.001" asserts="0" />
                        <test-case name="FromInt_Check" executed="True" result="Success" success="True" time="0.000" asserts="0" />
                        <test-case name="ToFloat_Check" executed="True" result="Success" success="True" time="0.001" asserts="0" />
                        <test-case name="FromFloat_Check" executed="True" result="Success" success="True" time="0.000" asserts="0" />
                        <test-case name="ToBool_Check" executed="True" result="Success" success="True" time="0.002" asserts="0" />
                        <test-case name="FromBool_Check" executed="True" result="Success" success="True" time="0.000" asserts="0" />
                        <test-case name="ToJson_Check" executed="True" result="Success" success="True" time="0.001" asserts="0" />
                        <test-case name="FromJson_Check" executed="True" result="Success" success="True" time="0.001" asserts="0" />
                        <test-case name="ToDateTime_Check" executed="True" result="Success" success="True" time="0.000" asserts="0" />
                        <test-case name="FromDateTime_Check" executed="True" result="Success" success="True" time="0.000" asserts="0" />
                      </results>
                    </test-suite>
                    <test-suite type="Fixture" name="TIntegerValue_Test" executed="True" result="Success" success="True" time="0.036" >
                      <results>
                        <test-case name="SetValue_Check" executed="True" result="Success" success="True" time="0.001" asserts="0" />
                        <test-case name="SetValue_Blank_Check" executed="True" result="Success" success="True" time="0.000" asserts="0" />
                        <test-case name="GetValue_Check" executed="True" result="Success" success="True" time="0.001" asserts="0" />
                        <test-case name="Clone_Check" executed="True" result="Success" success="True" time="0.001" asserts="0" />
                        <test-case name="ToString_check" executed="True" result="Success" success="True" time="0.001" asserts="0" />
                        <test-case name="FromString_Check" executed="True" result="Success" success="True" time="0.001" asserts="0" />
                        <test-case name="ToInt_Check" executed="True" result="Success" success="True" time="0.000" asserts="0" />
                        <test-case name="FromInt_Check" executed="True" result="Success" success="True" time="0.000" asserts="0" />
                        <test-case name="ToFloat_Check" executed="True" result="Success" success="True" time="0.001" asserts="0" />
                        <test-case name="FromFloat_Check" executed="True" result="Success" success="True" time="0.000" asserts="0" />
                        <test-case name="ToBool_Check" executed="True" result="Success" success="True" time="0.001" asserts="0" />
                        <test-case name="FromBool_Check" executed="True" result="Success" success="True" time="0.001" asserts="0" />
                        <test-case name="ToJson_Check" executed="True" result="Success" success="True" time="0.001" asserts="0" />
                        <test-case name="FromJson_Check" executed="True" result="Success" success="True" time="0.000" asserts="0" />
                        <test-case name="ToDateTime_Check" executed="True" result="Success" success="True" time="0.001" asserts="0" />
                        <test-case name="FromDateTime_Check" executed="True" result="Success" success="True" time="0.001" asserts="0" />
                      </results>
                    </test-suite>
                    <test-suite type="Fixture" name="TBooleanValue_Test" executed="True" result="Success" success="True" time="0.025" >
                      <results>
                        <test-case name="SetValue_Check" executed="True" result="Success" success="True" time="0.001" asserts="0" />
                        <test-case name="GetValue_Check" executed="True" result="Success" success="True" time="0.000" asserts="0" />
                        <test-case name="Clone_Check" executed="True" result="Success" success="True" time="0.002" asserts="0" />
                        <test-case name="ToString_check" executed="True" result="Success" success="True" time="0.000" asserts="0" />
                        <test-case name="FromString_Check" executed="True" result="Success" success="True" time="0.001" asserts="0" />
                        <test-case name="ToInt_Check" executed="True" result="Success" success="True" time="0.001" asserts="0" />
                        <test-case name="FromInt_Check" executed="True" result="Success" success="True" time="0.001" asserts="0" />
                        <test-case name="ToFloat_Check" executed="True" result="Success" success="True" time="0.001" asserts="0" />
                        <test-case name="FromFloat_Check" executed="True" result="Success" success="True" time="0.001" asserts="0" />
                        <test-case name="ToBool_Check" executed="True" result="Success" success="True" time="0.000" asserts="0" />
                        <test-case name="FromBool_Check" executed="True" result="Success" success="True" time="0.001" asserts="0" />
                        <test-case name="ToJson_Check" executed="True" result="Success" success="True" time="0.001" asserts="0" />
                        <test-case name="FromJson_Check" executed="True" result="Success" success="True" time="0.000" asserts="0" />
                        <test-case name="ToDateTime_Check" executed="True" result="Success" success="True" time="0.000" asserts="0" />
                        <test-case name="FromDateTime_Check" executed="True" result="Success" success="True" time="0.000" asserts="0" />
                      </results>
                    </test-suite>
                    <test-suite type="Fixture" name="TStormValue_Test" executed="True" result="Success" success="True" time="0.014" >
                      <results>
                        <test-case name="IsAssigned_Check" executed="True" result="Success" success="True" time="0.000" asserts="0" />
                        <test-case name="LoadFromJSON_CheckWithString" executed="True" result="Success" success="True" time="0.001" asserts="0" />
                        <test-case name="LoadFromJSON_CheckWithNumber" executed="True" result="Success" success="True" time="0.000" asserts="0" />
                        <test-case name="LoadFromJSON_CheckWithTrue" executed="True" result="Success" success="True" time="0.000" asserts="0" />
                        <test-case name="LoadFromJSON_CheckWithFalse" executed="True" result="Success" success="True" time="0.000" asserts="0" />
                        <test-case name="LoadFromJSON_CheckWithNull" executed="True" result="Success" success="True" time="0.000" asserts="0" />
                        <test-case name="LoadFromJSON_CheckWithNil" executed="True" result="Success" success="True" time="0.000" asserts="0" />
                      </results>
                    </test-suite>
                    <test-suite type="Fixture" name="TDateTimeValue_Test" executed="True" result="Success" success="True" time="0.013" >
                      <results>
                        <test-case name="SetValue_Check" executed="True" result="Success" success="True" time="0.001" asserts="0" />
                        <test-case name="SetValue_Blank_Check" executed="True" result="Success" success="True" time="0.000" asserts="0" />
                        <test-case name="GetValue_Check" executed="True" result="Success" success="True" time="0.001" asserts="0" />
                        <test-case name="Clone_Check" executed="True" result="Success" success="True" time="0.001" asserts="0" />
                        <test-case name="ToString_check" executed="True" result="Success" success="True" time="0.001" asserts="0" />
                        <test-case name="FromString_Check" executed="True" result="Success" success="True" time="0.001" asserts="0" />
                        <test-case name="ToInt_Check" executed="True" result="Success" success="True" time="0.001" asserts="0" />
                        <test-case name="FromInt_Check" executed="True" result="Success" success="True" time="0.000" asserts="0" />
                        <test-case name="ToFloat_Check" executed="True" result="Success" success="True" time="0.001" asserts="0" />
                        <test-case name="FromFloat_Check" executed="True" result="Success" success="True" time="0.000" asserts="0" />
                        <test-case name="ToBool_Check" executed="True" result="Success" success="True" time="0.001" asserts="0" />
                        <test-case name="FromBool_Check" executed="True" result="Success" success="True" time="0.000" asserts="0" />
                        <test-case name="ToJson_Check" executed="True" result="Success" success="True" time="0.000" asserts="0" />
                        <test-case name="FromJson_Check" executed="True" result="Success" success="True" time="0.000" asserts="0" />
                        <test-case name="ToDateTime_Check" executed="True" result="Success" success="True" time="0.001" asserts="0" />
                        <test-case name="FromDateTime_Check" executed="True" result="Success" success="True" time="0.000" asserts="0" />
                      </results>
                    </test-suite>
                    <test-suite type="Fixture" name="TDateValue_Test" executed="True" result="Success" success="True" time="0.003" >
                      <results>
                        <test-case name="SetValue_Check" executed="True" result="Success" success="True" time="0.001" asserts="0" />
                        <test-case name="SetValue_Blank_Check" executed="True" result="Success" success="True" time="0.000" asserts="0" />
                        <test-case name="GetValue_Check" executed="True" result="Success" success="True" time="0.000" asserts="0" />
                        <test-case name="Clone_Check" executed="True" result="Success" success="True" time="0.000" asserts="0" />
                        <test-case name="ToString_check" executed="True" result="Success" success="True" time="0.001" asserts="0" />
                        <test-case name="FromString_Check" executed="True" result="Success" success="True" time="0.000" asserts="0" />
                        <test-case name="ToInt_Check" executed="True" result="Success" success="True" time="0.000" asserts="0" />
                        <test-case name="FromInt_Check" executed="True" result="Success" success="True" time="0.000" asserts="0" />
                        <test-case name="ToFloat_Check" executed="True" result="Success" success="True" time="0.000" asserts="0" />
                        <test-case name="FromFloat_Check" executed="True" result="Success" success="True" time="0.000" asserts="0" />
                        <test-case name="ToBool_Check" executed="True" result="Success" success="True" time="0.000" asserts="0" />
                        <test-case name="FromBool_Check" executed="True" result="Success" success="True" time="0.000" asserts="0" />
                        <test-case name="ToJson_Check" executed="True" result="Success" success="True" time="0.001" asserts="0" />
                        <test-case name="FromJson_Check" executed="True" result="Success" success="True" time="0.000" asserts="0" />
                        <test-case name="ToDateTime_Check" executed="True" result="Success" success="True" time="0.000" asserts="0" />
                        <test-case name="FromDateTime_Check" executed="True" result="Success" success="True" time="0.000" asserts="0" />
                      </results>
                    </test-suite>
                </results>
              </test-suite>
          </results>
        </test-suite>
    </results>
  </test-suite>
</test-results>
